<?xml version="1.0" encoding="UTF-8"?>
<!-- Generated by org.testng.reporters.JUnitReportReporter -->
<testsuite hostname="LAPTOP-HU829229" name="com.QA.Tests.GetOfferAPITest" tests="1" failures="0" timestamp="9 Mar 2020 11:15:36 GMT" time="5.098" errors="0">
  <testcase name="getOfferAPIforSWTest" time="5.098" classname="com.QA.Tests.GetOfferAPITest"/>
</testsuite> <!-- com.QA.Tests.GetOfferAPITest -->
